This file contains any messages produced by compilers while
running configure, to aid debugging if configure makes a mistake.

It was created by kalibrate configure 0.4.1, which was
generated by GNU Autoconf 2.69.  Invocation command line was

  $ ./configure 

## --------- ##
## Platform. ##
## --------- ##

hostname = HaiSon
uname -m = x86_64
uname -r = 5.0.0-37-generic
uname -s = Linux
uname -v = #40~18.04.1-Ubuntu SMP Thu Nov 14 12:06:39 UTC 2019

/usr/bin/uname -p = unknown
/bin/uname -X     = unknown

/bin/arch              = unknown
/usr/bin/arch -k       = unknown
/usr/convex/getsysinfo = unknown
/usr/bin/hostinfo      = unknown
/bin/machine           = unknown
/usr/bin/oslevel       = unknown
/bin/universe          = unknown

PATH: /home/haison98/.local/bin
PATH: /home/haison98/bin
PATH: /usr/local/sbin
PATH: /usr/local/bin
PATH: /usr/sbin
PATH: /usr/bin
PATH: /sbin
PATH: /bin
PATH: /usr/games
PATH: /usr/local/games
PATH: /snap/bin


## ----------- ##
## Core tests. ##
## ----------- ##

configure:2338: checking for a BSD-compatible install
configure:2406: result: /usr/bin/install -c
configure:2417: checking whether build environment is sane
configure:2472: result: yes
configure:2623: checking for a thread-safe mkdir -p
configure:2662: result: /bin/mkdir -p
configure:2669: checking for gawk
configure:2699: result: no
configure:2669: checking for mawk
configure:2685: found /usr/bin/mawk
configure:2696: result: mawk
configure:2707: checking whether make sets $(MAKE)
configure:2729: result: yes
configure:2758: checking whether make supports nested variables
configure:2775: result: yes
configure:2963: checking for g++
configure:2979: found /usr/bin/g++
configure:2990: result: g++
configure:3017: checking for C++ compiler version
configure:3026: g++ --version >&5
g++ (Ubuntu 7.4.0-1ubuntu1~18.04.1) 7.4.0
Copyright (C) 2017 Free Software Foundation, Inc.
This is free software; see the source for copying conditions.  There is NO
warranty; not even for MERCHANTABILITY or FITNESS FOR A PARTICULAR PURPOSE.

configure:3037: $? = 0
configure:3026: g++ -v >&5
Using built-in specs.
COLLECT_GCC=g++
COLLECT_LTO_WRAPPER=/usr/lib/gcc/x86_64-linux-gnu/7/lto-wrapper
OFFLOAD_TARGET_NAMES=nvptx-none
OFFLOAD_TARGET_DEFAULT=1
Target: x86_64-linux-gnu
Configured with: ../src/configure -v --with-pkgversion='Ubuntu 7.4.0-1ubuntu1~18.04.1' --with-bugurl=file:///usr/share/doc/gcc-7/README.Bugs --enable-languages=c,ada,c++,go,brig,d,fortran,objc,obj-c++ --prefix=/usr --with-gcc-major-version-only --program-suffix=-7 --program-prefix=x86_64-linux-gnu- --enable-shared --enable-linker-build-id --libexecdir=/usr/lib --without-included-gettext --enable-threads=posix --libdir=/usr/lib --enable-nls --with-sysroot=/ --enable-clocale=gnu --enable-libstdcxx-debug --enable-libstdcxx-time=yes --with-default-libstdcxx-abi=new --enable-gnu-unique-object --disable-vtable-verify --enable-libmpx --enable-plugin --enable-default-pie --with-system-zlib --with-target-system-zlib --enable-objc-gc=auto --enable-multiarch --disable-werror --with-arch-32=i686 --with-abi=m64 --with-multilib-list=m32,m64,mx32 --enable-multilib --with-tune=generic --enable-offload-targets=nvptx-none --without-cuda-driver --enable-checking=release --build=x86_64-linux-gnu --host=x86_64-linux-gnu --target=x86_64-linux-gnu
Thread model: posix
gcc version 7.4.0 (Ubuntu 7.4.0-1ubuntu1~18.04.1) 
configure:3037: $? = 0
configure:3026: g++ -V >&5
g++: error: unrecognized command line option '-V'
g++: fatal error: no input files
compilation terminated.
configure:3037: $? = 1
configure:3026: g++ -qversion >&5
g++: error: unrecognized command line option '-qversion'; did you mean '--version'?
g++: fatal error: no input files
compilation terminated.
configure:3037: $? = 1
configure:3057: checking whether the C++ compiler works
configure:3079: g++    conftest.cpp  >&5
configure:3083: $? = 0
configure:3131: result: yes
configure:3134: checking for C++ compiler default output file name
configure:3136: result: a.out
configure:3142: checking for suffix of executables
configure:3149: g++ -o conftest    conftest.cpp  >&5
configure:3153: $? = 0
configure:3175: result: 
configure:3197: checking whether we are cross compiling
configure:3205: g++ -o conftest    conftest.cpp  >&5
configure:3209: $? = 0
configure:3216: ./conftest
configure:3220: $? = 0
configure:3235: result: no
configure:3240: checking for suffix of object files
configure:3262: g++ -c   conftest.cpp >&5
configure:3266: $? = 0
configure:3287: result: o
configure:3291: checking whether we are using the GNU C++ compiler
configure:3310: g++ -c   conftest.cpp >&5
configure:3310: $? = 0
configure:3319: result: yes
configure:3328: checking whether g++ accepts -g
configure:3348: g++ -c -g  conftest.cpp >&5
configure:3348: $? = 0
configure:3389: result: yes
configure:3423: checking for style of include used by make
configure:3451: result: GNU
configure:3477: checking dependency style of g++
configure:3588: result: gcc3
configure:3651: checking for gcc
configure:3667: found /usr/bin/gcc
configure:3678: result: gcc
configure:3907: checking for C compiler version
configure:3916: gcc --version >&5
gcc (Ubuntu 7.4.0-1ubuntu1~18.04.1) 7.4.0
Copyright (C) 2017 Free Software Foundation, Inc.
This is free software; see the source for copying conditions.  There is NO
warranty; not even for MERCHANTABILITY or FITNESS FOR A PARTICULAR PURPOSE.

configure:3927: $? = 0
configure:3916: gcc -v >&5
Using built-in specs.
COLLECT_GCC=gcc
COLLECT_LTO_WRAPPER=/usr/lib/gcc/x86_64-linux-gnu/7/lto-wrapper
OFFLOAD_TARGET_NAMES=nvptx-none
OFFLOAD_TARGET_DEFAULT=1
Target: x86_64-linux-gnu
Configured with: ../src/configure -v --with-pkgversion='Ubuntu 7.4.0-1ubuntu1~18.04.1' --with-bugurl=file:///usr/share/doc/gcc-7/README.Bugs --enable-languages=c,ada,c++,go,brig,d,fortran,objc,obj-c++ --prefix=/usr --with-gcc-major-version-only --program-suffix=-7 --program-prefix=x86_64-linux-gnu- --enable-shared --enable-linker-build-id --libexecdir=/usr/lib --without-included-gettext --enable-threads=posix --libdir=/usr/lib --enable-nls --with-sysroot=/ --enable-clocale=gnu --enable-libstdcxx-debug --enable-libstdcxx-time=yes --with-default-libstdcxx-abi=new --enable-gnu-unique-object --disable-vtable-verify --enable-libmpx --enable-plugin --enable-default-pie --with-system-zlib --with-target-system-zlib --enable-objc-gc=auto --enable-multiarch --disable-werror --with-arch-32=i686 --with-abi=m64 --with-multilib-list=m32,m64,mx32 --enable-multilib --with-tune=generic --enable-offload-targets=nvptx-none --without-cuda-driver --enable-checking=release --build=x86_64-linux-gnu --host=x86_64-linux-gnu --target=x86_64-linux-gnu
Thread model: posix
gcc version 7.4.0 (Ubuntu 7.4.0-1ubuntu1~18.04.1) 
configure:3927: $? = 0
configure:3916: gcc -V >&5
gcc: error: unrecognized command line option '-V'
gcc: fatal error: no input files
compilation terminated.
configure:3927: $? = 1
configure:3916: gcc -qversion >&5
gcc: error: unrecognized command line option '-qversion'; did you mean '--version'?
gcc: fatal error: no input files
compilation terminated.
configure:3927: $? = 1
configure:3931: checking whether we are using the GNU C compiler
configure:3950: gcc -c   conftest.c >&5
configure:3950: $? = 0
configure:3959: result: yes
configure:3968: checking whether gcc accepts -g
configure:3988: gcc -c -g  conftest.c >&5
configure:3988: $? = 0
configure:4029: result: yes
configure:4046: checking for gcc option to accept ISO C89
configure:4109: gcc  -c -g -O2  conftest.c >&5
configure:4109: $? = 0
configure:4122: result: none needed
configure:4147: checking whether gcc understands -c and -o together
configure:4169: gcc -c conftest.c -o conftest2.o
configure:4172: $? = 0
configure:4169: gcc -c conftest.c -o conftest2.o
configure:4172: $? = 0
configure:4184: result: yes
configure:4203: checking dependency style of gcc
configure:4314: result: gcc3
configure:4329: checking whether ln -s works
configure:4333: result: yes
configure:4383: checking for ranlib
configure:4399: found /usr/bin/ranlib
configure:4410: result: ranlib
configure:4440: checking how to run the C preprocessor
configure:4471: gcc -E  conftest.c
configure:4471: $? = 0
configure:4485: gcc -E  conftest.c
conftest.c:11:10: fatal error: ac_nonexistent.h: No such file or directory
 #include <ac_nonexistent.h>
          ^~~~~~~~~~~~~~~~~~
compilation terminated.
configure:4485: $? = 1
configure: failed program was:
| /* confdefs.h */
| #define PACKAGE_NAME "kalibrate"
| #define PACKAGE_TARNAME "kal"
| #define PACKAGE_VERSION "0.4.1"
| #define PACKAGE_STRING "kalibrate 0.4.1"
| #define PACKAGE_BUGREPORT "jl@thre.at"
| #define PACKAGE_URL ""
| #define PACKAGE "kal"
| #define VERSION "0.4.1"
| /* end confdefs.h.  */
| #include <ac_nonexistent.h>
configure:4510: result: gcc -E
configure:4530: gcc -E  conftest.c
configure:4530: $? = 0
configure:4544: gcc -E  conftest.c
conftest.c:11:10: fatal error: ac_nonexistent.h: No such file or directory
 #include <ac_nonexistent.h>
          ^~~~~~~~~~~~~~~~~~
compilation terminated.
configure:4544: $? = 1
configure: failed program was:
| /* confdefs.h */
| #define PACKAGE_NAME "kalibrate"
| #define PACKAGE_TARNAME "kal"
| #define PACKAGE_VERSION "0.4.1"
| #define PACKAGE_STRING "kalibrate 0.4.1"
| #define PACKAGE_BUGREPORT "jl@thre.at"
| #define PACKAGE_URL ""
| #define PACKAGE "kal"
| #define VERSION "0.4.1"
| /* end confdefs.h.  */
| #include <ac_nonexistent.h>
configure:4573: checking for grep that handles long lines and -e
configure:4631: result: /bin/grep
configure:4636: checking for egrep
configure:4698: result: /bin/grep -E
configure:4703: checking for ANSI C header files
configure:4723: gcc -c -g -O2  conftest.c >&5
configure:4723: $? = 0
configure:4796: gcc -o conftest -g -O2   conftest.c  >&5
configure:4796: $? = 0
configure:4796: ./conftest
configure:4796: $? = 0
configure:4807: result: yes
configure:4820: checking for sys/types.h
configure:4820: gcc -c -g -O2  conftest.c >&5
configure:4820: $? = 0
configure:4820: result: yes
configure:4820: checking for sys/stat.h
configure:4820: gcc -c -g -O2  conftest.c >&5
configure:4820: $? = 0
configure:4820: result: yes
configure:4820: checking for stdlib.h
configure:4820: gcc -c -g -O2  conftest.c >&5
configure:4820: $? = 0
configure:4820: result: yes
configure:4820: checking for string.h
configure:4820: gcc -c -g -O2  conftest.c >&5
configure:4820: $? = 0
configure:4820: result: yes
configure:4820: checking for memory.h
configure:4820: gcc -c -g -O2  conftest.c >&5
configure:4820: $? = 0
configure:4820: result: yes
configure:4820: checking for strings.h
configure:4820: gcc -c -g -O2  conftest.c >&5
configure:4820: $? = 0
configure:4820: result: yes
configure:4820: checking for inttypes.h
configure:4820: gcc -c -g -O2  conftest.c >&5
configure:4820: $? = 0
configure:4820: result: yes
configure:4820: checking for stdint.h
configure:4820: gcc -c -g -O2  conftest.c >&5
configure:4820: $? = 0
configure:4820: result: yes
configure:4820: checking for unistd.h
configure:4820: gcc -c -g -O2  conftest.c >&5
configure:4820: $? = 0
configure:4820: result: yes
configure:4835: checking for stdlib.h
configure:4835: result: yes
configure:4835: checking for string.h
configure:4835: result: yes
configure:4835: checking sys/time.h usability
configure:4835: gcc -c -g -O2  conftest.c >&5
configure:4835: $? = 0
configure:4835: result: yes
configure:4835: checking sys/time.h presence
configure:4835: gcc -E  conftest.c
configure:4835: $? = 0
configure:4835: result: yes
configure:4835: checking for sys/time.h
configure:4835: result: yes
configure:4835: checking for unistd.h
configure:4835: result: yes
configure:4847: checking for stdbool.h that conforms to C99
configure:4914: gcc -c -g -O2  conftest.c >&5
configure:4914: $? = 0
configure:4921: result: yes
configure:4923: checking for _Bool
configure:4923: gcc -c -g -O2  conftest.c >&5
configure:4923: $? = 0
configure:4923: gcc -c -g -O2  conftest.c >&5
conftest.c: In function 'main':
conftest.c:61:20: error: expected expression before ')' token
 if (sizeof ((_Bool)))
                    ^
configure:4923: $? = 1
configure: failed program was:
| /* confdefs.h */
| #define PACKAGE_NAME "kalibrate"
| #define PACKAGE_TARNAME "kal"
| #define PACKAGE_VERSION "0.4.1"
| #define PACKAGE_STRING "kalibrate 0.4.1"
| #define PACKAGE_BUGREPORT "jl@thre.at"
| #define PACKAGE_URL ""
| #define PACKAGE "kal"
| #define VERSION "0.4.1"
| #define STDC_HEADERS 1
| #define HAVE_SYS_TYPES_H 1
| #define HAVE_SYS_STAT_H 1
| #define HAVE_STDLIB_H 1
| #define HAVE_STRING_H 1
| #define HAVE_MEMORY_H 1
| #define HAVE_STRINGS_H 1
| #define HAVE_INTTYPES_H 1
| #define HAVE_STDINT_H 1
| #define HAVE_UNISTD_H 1
| #define HAVE_STDLIB_H 1
| #define HAVE_STRING_H 1
| #define HAVE_SYS_TIME_H 1
| #define HAVE_UNISTD_H 1
| /* end confdefs.h.  */
| #include <stdio.h>
| #ifdef HAVE_SYS_TYPES_H
| # include <sys/types.h>
| #endif
| #ifdef HAVE_SYS_STAT_H
| # include <sys/stat.h>
| #endif
| #ifdef STDC_HEADERS
| # include <stdlib.h>
| # include <stddef.h>
| #else
| # ifdef HAVE_STDLIB_H
| #  include <stdlib.h>
| # endif
| #endif
| #ifdef HAVE_STRING_H
| # if !defined STDC_HEADERS && defined HAVE_MEMORY_H
| #  include <memory.h>
| # endif
| # include <string.h>
| #endif
| #ifdef HAVE_STRINGS_H
| # include <strings.h>
| #endif
| #ifdef HAVE_INTTYPES_H
| # include <inttypes.h>
| #endif
| #ifdef HAVE_STDINT_H
| # include <stdint.h>
| #endif
| #ifdef HAVE_UNISTD_H
| # include <unistd.h>
| #endif
| int
| main ()
| {
| if (sizeof ((_Bool)))
| 	    return 0;
|   ;
|   return 0;
| }
configure:4923: result: yes
configure:4940: checking for inline
configure:4956: gcc -c -g -O2  conftest.c >&5
configure:4956: $? = 0
configure:4964: result: inline
configure:4984: checking for working strtod
configure:5025: gcc -o conftest -g -O2   conftest.c  >&5
configure:5025: $? = 0
configure:5025: ./conftest
configure:5025: $? = 0
configure:5035: result: yes
configure:5100: checking for floor
configure:5100: gcc -o conftest -g -O2   conftest.c  >&5
conftest.c:50:6: warning: conflicting types for built-in function 'floor' [-Wbuiltin-declaration-mismatch]
 char floor ();
      ^~~~~
/tmp/ccW1mvqR.o: In function `main':
/home/haison98/kalibrate-bladeRF/conftest.c:61: undefined reference to `floor'
collect2: error: ld returned 1 exit status
configure:5100: $? = 1
configure: failed program was:
| /* confdefs.h */
| #define PACKAGE_NAME "kalibrate"
| #define PACKAGE_TARNAME "kal"
| #define PACKAGE_VERSION "0.4.1"
| #define PACKAGE_STRING "kalibrate 0.4.1"
| #define PACKAGE_BUGREPORT "jl@thre.at"
| #define PACKAGE_URL ""
| #define PACKAGE "kal"
| #define VERSION "0.4.1"
| #define STDC_HEADERS 1
| #define HAVE_SYS_TYPES_H 1
| #define HAVE_SYS_STAT_H 1
| #define HAVE_STDLIB_H 1
| #define HAVE_STRING_H 1
| #define HAVE_MEMORY_H 1
| #define HAVE_STRINGS_H 1
| #define HAVE_INTTYPES_H 1
| #define HAVE_STDINT_H 1
| #define HAVE_UNISTD_H 1
| #define HAVE_STDLIB_H 1
| #define HAVE_STRING_H 1
| #define HAVE_SYS_TIME_H 1
| #define HAVE_UNISTD_H 1
| #define HAVE__BOOL 1
| #define HAVE_STDBOOL_H 1
| /* end confdefs.h.  */
| /* Define floor to an innocuous variant, in case <limits.h> declares floor.
|    For example, HP-UX 11i <limits.h> declares gettimeofday.  */
| #define floor innocuous_floor
| 
| /* System header to define __stub macros and hopefully few prototypes,
|     which can conflict with char floor (); below.
|     Prefer <limits.h> to <assert.h> if __STDC__ is defined, since
|     <limits.h> exists even on freestanding compilers.  */
| 
| #ifdef __STDC__
| # include <limits.h>
| #else
| # include <assert.h>
| #endif
| 
| #undef floor
| 
| /* Override any GCC internal prototype to avoid an error.
|    Use char because int might match the return type of a GCC
|    builtin and then its argument prototype would still apply.  */
| #ifdef __cplusplus
| extern "C"
| #endif
| char floor ();
| /* The GNU C library defines this for functions which it implements
|     to always fail with ENOSYS.  Some functions are actually named
|     something starting with __ and the normal name is an alias.  */
| #if defined __stub_floor || defined __stub___floor
| choke me
| #endif
| 
| int
| main ()
| {
| return floor ();
|   ;
|   return 0;
| }
configure:5100: result: no
configure:5100: checking for getpagesize
configure:5100: gcc -o conftest -g -O2   conftest.c  >&5
configure:5100: $? = 0
configure:5100: result: yes
configure:5100: checking for memset
configure:5100: gcc -o conftest -g -O2   conftest.c  >&5
conftest.c:51:6: warning: conflicting types for built-in function 'memset' [-Wbuiltin-declaration-mismatch]
 char memset ();
      ^~~~~~
configure:5100: $? = 0
configure:5100: result: yes
configure:5100: checking for sqrt
configure:5100: gcc -o conftest -g -O2   conftest.c  >&5
conftest.c:52:6: warning: conflicting types for built-in function 'sqrt' [-Wbuiltin-declaration-mismatch]
 char sqrt ();
      ^~~~
/tmp/ccSB5Mk3.o: In function `main':
/home/haison98/kalibrate-bladeRF/conftest.c:63: undefined reference to `sqrt'
collect2: error: ld returned 1 exit status
configure:5100: $? = 1
configure: failed program was:
| /* confdefs.h */
| #define PACKAGE_NAME "kalibrate"
| #define PACKAGE_TARNAME "kal"
| #define PACKAGE_VERSION "0.4.1"
| #define PACKAGE_STRING "kalibrate 0.4.1"
| #define PACKAGE_BUGREPORT "jl@thre.at"
| #define PACKAGE_URL ""
| #define PACKAGE "kal"
| #define VERSION "0.4.1"
| #define STDC_HEADERS 1
| #define HAVE_SYS_TYPES_H 1
| #define HAVE_SYS_STAT_H 1
| #define HAVE_STDLIB_H 1
| #define HAVE_STRING_H 1
| #define HAVE_MEMORY_H 1
| #define HAVE_STRINGS_H 1
| #define HAVE_INTTYPES_H 1
| #define HAVE_STDINT_H 1
| #define HAVE_UNISTD_H 1
| #define HAVE_STDLIB_H 1
| #define HAVE_STRING_H 1
| #define HAVE_SYS_TIME_H 1
| #define HAVE_UNISTD_H 1
| #define HAVE__BOOL 1
| #define HAVE_STDBOOL_H 1
| #define HAVE_GETPAGESIZE 1
| #define HAVE_MEMSET 1
| /* end confdefs.h.  */
| /* Define sqrt to an innocuous variant, in case <limits.h> declares sqrt.
|    For example, HP-UX 11i <limits.h> declares gettimeofday.  */
| #define sqrt innocuous_sqrt
| 
| /* System header to define __stub macros and hopefully few prototypes,
|     which can conflict with char sqrt (); below.
|     Prefer <limits.h> to <assert.h> if __STDC__ is defined, since
|     <limits.h> exists even on freestanding compilers.  */
| 
| #ifdef __STDC__
| # include <limits.h>
| #else
| # include <assert.h>
| #endif
| 
| #undef sqrt
| 
| /* Override any GCC internal prototype to avoid an error.
|    Use char because int might match the return type of a GCC
|    builtin and then its argument prototype would still apply.  */
| #ifdef __cplusplus
| extern "C"
| #endif
| char sqrt ();
| /* The GNU C library defines this for functions which it implements
|     to always fail with ENOSYS.  Some functions are actually named
|     something starting with __ and the normal name is an alias.  */
| #if defined __stub_sqrt || defined __stub___sqrt
| choke me
| #endif
| 
| int
| main ()
| {
| return sqrt ();
|   ;
|   return 0;
| }
configure:5100: result: no
configure:5100: checking for strtoul
configure:5100: gcc -o conftest -g -O2   conftest.c  >&5
configure:5100: $? = 0
configure:5100: result: yes
configure:5100: checking for strtol
configure:5100: gcc -o conftest -g -O2   conftest.c  >&5
configure:5100: $? = 0
configure:5100: result: yes
configure:5165: checking for pkg-config
configure:5183: found /usr/bin/pkg-config
configure:5195: result: /usr/bin/pkg-config
configure:5220: checking pkg-config is at least version 0.9.0
configure:5223: result: yes
configure:5233: checking for FFTW3
configure:5240: $PKG_CONFIG --exists --print-errors "fftw3 >= 3.0"
configure:5243: $? = 0
configure:5257: $PKG_CONFIG --exists --print-errors "fftw3 >= 3.0"
configure:5260: $? = 0
configure:5318: result: yes
configure:5334: checking build system type
configure:5348: result: x86_64-pc-linux-gnu
configure:5368: checking host system type
configure:5381: result: x86_64-pc-linux-gnu
configure:5520: checking that generated files are newer than configure
configure:5526: result: done
configure:5553: creating ./config.status

## ---------------------- ##
## Running config.status. ##
## ---------------------- ##

This file was extended by kalibrate config.status 0.4.1, which was
generated by GNU Autoconf 2.69.  Invocation command line was

  CONFIG_FILES    = 
  CONFIG_HEADERS  = 
  CONFIG_LINKS    = 
  CONFIG_COMMANDS = 
  $ ./config.status 

on HaiSon

config.status:888: creating Makefile
config.status:888: creating src/Makefile
config.status:888: creating config.h
config.status:1117: executing depfiles commands

## ---------------- ##
## Cache variables. ##
## ---------------- ##

ac_cv_build=x86_64-pc-linux-gnu
ac_cv_c_compiler_gnu=yes
ac_cv_c_inline=inline
ac_cv_cxx_compiler_gnu=yes
ac_cv_env_CCC_set=
ac_cv_env_CCC_value=
ac_cv_env_CC_set=
ac_cv_env_CC_value=
ac_cv_env_CFLAGS_set=
ac_cv_env_CFLAGS_value=
ac_cv_env_CPPFLAGS_set=
ac_cv_env_CPPFLAGS_value=
ac_cv_env_CPP_set=
ac_cv_env_CPP_value=
ac_cv_env_CXXFLAGS_set=
ac_cv_env_CXXFLAGS_value=
ac_cv_env_CXX_set=
ac_cv_env_CXX_value=
ac_cv_env_FFTW3_CFLAGS_set=
ac_cv_env_FFTW3_CFLAGS_value=
ac_cv_env_FFTW3_LIBS_set=
ac_cv_env_FFTW3_LIBS_value=
ac_cv_env_LDFLAGS_set=
ac_cv_env_LDFLAGS_value=
ac_cv_env_LIBS_set=
ac_cv_env_LIBS_value=
ac_cv_env_PKG_CONFIG_LIBDIR_set=
ac_cv_env_PKG_CONFIG_LIBDIR_value=
ac_cv_env_PKG_CONFIG_PATH_set=
ac_cv_env_PKG_CONFIG_PATH_value=
ac_cv_env_PKG_CONFIG_set=
ac_cv_env_PKG_CONFIG_value=
ac_cv_env_build_alias_set=
ac_cv_env_build_alias_value=
ac_cv_env_host_alias_set=
ac_cv_env_host_alias_value=
ac_cv_env_target_alias_set=
ac_cv_env_target_alias_value=
ac_cv_func_floor=no
ac_cv_func_getpagesize=yes
ac_cv_func_memset=yes
ac_cv_func_sqrt=no
ac_cv_func_strtod=yes
ac_cv_func_strtol=yes
ac_cv_func_strtoul=yes
ac_cv_header_inttypes_h=yes
ac_cv_header_memory_h=yes
ac_cv_header_stdbool_h=yes
ac_cv_header_stdc=yes
ac_cv_header_stdint_h=yes
ac_cv_header_stdlib_h=yes
ac_cv_header_string_h=yes
ac_cv_header_strings_h=yes
ac_cv_header_sys_stat_h=yes
ac_cv_header_sys_time_h=yes
ac_cv_header_sys_types_h=yes
ac_cv_header_unistd_h=yes
ac_cv_host=x86_64-pc-linux-gnu
ac_cv_objext=o
ac_cv_path_EGREP='/bin/grep -E'
ac_cv_path_GREP=/bin/grep
ac_cv_path_ac_pt_PKG_CONFIG=/usr/bin/pkg-config
ac_cv_path_install='/usr/bin/install -c'
ac_cv_path_mkdir=/bin/mkdir
ac_cv_prog_AWK=mawk
ac_cv_prog_CPP='gcc -E'
ac_cv_prog_ac_ct_CC=gcc
ac_cv_prog_ac_ct_CXX=g++
ac_cv_prog_ac_ct_RANLIB=ranlib
ac_cv_prog_cc_c89=
ac_cv_prog_cc_g=yes
ac_cv_prog_cxx_g=yes
ac_cv_prog_make_make_set=yes
ac_cv_type__Bool=yes
am_cv_CC_dependencies_compiler_type=gcc3
am_cv_CXX_dependencies_compiler_type=gcc3
am_cv_make_support_nested_variables=yes
am_cv_prog_cc_c_o=yes
pkg_cv_FFTW3_CFLAGS=
pkg_cv_FFTW3_LIBS=-lfftw3

## ----------------- ##
## Output variables. ##
## ----------------- ##

ACLOCAL='${SHELL} /home/haison98/kalibrate-bladeRF/missing aclocal-1.15'
AMDEPBACKSLASH='\'
AMDEP_FALSE='#'
AMDEP_TRUE=''
AMTAR='$${TAR-tar}'
AM_BACKSLASH='\'
AM_DEFAULT_V='$(AM_DEFAULT_VERBOSITY)'
AM_DEFAULT_VERBOSITY='1'
AM_V='$(V)'
AUTOCONF='${SHELL} /home/haison98/kalibrate-bladeRF/missing autoconf'
AUTOHEADER='${SHELL} /home/haison98/kalibrate-bladeRF/missing autoheader'
AUTOMAKE='${SHELL} /home/haison98/kalibrate-bladeRF/missing automake-1.15'
AWK='mawk'
BLADERF_CFLAGS=''
BLADERF_LIBS=''
CC='gcc'
CCDEPMODE='depmode=gcc3'
CFLAGS='-g -O2'
CPP='gcc -E'
CPPFLAGS=''
CXX='g++'
CXXDEPMODE='depmode=gcc3'
CXXFLAGS='-g -O2'
CYGPATH_W='echo'
DEFS='-DHAVE_CONFIG_H'
DEPDIR='.deps'
ECHO_C=''
ECHO_N='-n'
ECHO_T=''
EGREP='/bin/grep -E'
EXEEXT=''
FFTW3_CFLAGS=''
FFTW3_LIBS='-lfftw3'
GREP='/bin/grep'
INSTALL_DATA='${INSTALL} -m 644'
INSTALL_PROGRAM='${INSTALL}'
INSTALL_SCRIPT='${INSTALL}'
INSTALL_STRIP_PROGRAM='$(install_sh) -c -s'
LDFLAGS=''
LIBOBJS=''
LIBS=''
LN_S='ln -s'
LTLIBOBJS=''
MAKEINFO='${SHELL} /home/haison98/kalibrate-bladeRF/missing makeinfo'
MKDIR_P='/bin/mkdir -p'
OBJEXT='o'
PACKAGE='kal'
PACKAGE_BUGREPORT='jl@thre.at'
PACKAGE_NAME='kalibrate'
PACKAGE_STRING='kalibrate 0.4.1'
PACKAGE_TARNAME='kal'
PACKAGE_URL=''
PACKAGE_VERSION='0.4.1'
PATH_SEPARATOR=':'
PKG_CONFIG='/usr/bin/pkg-config'
PKG_CONFIG_LIBDIR=''
PKG_CONFIG_PATH=''
POW_LIB=''
RANLIB='ranlib'
SET_MAKE=''
SHELL='/bin/bash'
STRIP=''
VERSION='0.4.1'
ac_ct_CC='gcc'
ac_ct_CXX='g++'
am__EXEEXT_FALSE=''
am__EXEEXT_TRUE='#'
am__fastdepCC_FALSE='#'
am__fastdepCC_TRUE=''
am__fastdepCXX_FALSE='#'
am__fastdepCXX_TRUE=''
am__include='include'
am__isrc=''
am__leading_dot='.'
am__nodep='_no'
am__quote=''
am__tar='$${TAR-tar} chof - "$$tardir"'
am__untar='$${TAR-tar} xf -'
bindir='${exec_prefix}/bin'
build='x86_64-pc-linux-gnu'
build_alias=''
build_cpu='x86_64'
build_os='linux-gnu'
build_vendor='pc'
datadir='${datarootdir}'
datarootdir='${prefix}/share'
docdir='${datarootdir}/doc/${PACKAGE_TARNAME}'
dvidir='${docdir}'
exec_prefix='${prefix}'
host='x86_64-pc-linux-gnu'
host_alias=''
host_cpu='x86_64'
host_os='linux-gnu'
host_vendor='pc'
htmldir='${docdir}'
includedir='${prefix}/include'
infodir='${datarootdir}/info'
install_sh='${SHELL} /home/haison98/kalibrate-bladeRF/install-sh'
libdir='${exec_prefix}/lib'
libexecdir='${exec_prefix}/libexec'
localedir='${datarootdir}/locale'
localstatedir='${prefix}/var'
mandir='${datarootdir}/man'
mkdir_p='$(MKDIR_P)'
oldincludedir='/usr/include'
pdfdir='${docdir}'
prefix='/usr/local'
program_transform_name='s,x,x,'
psdir='${docdir}'
runstatedir='${localstatedir}/run'
sbindir='${exec_prefix}/sbin'
sharedstatedir='${prefix}/com'
sysconfdir='${prefix}/etc'
target_alias=''

## ----------- ##
## confdefs.h. ##
## ----------- ##

/* confdefs.h */
#define PACKAGE_NAME "kalibrate"
#define PACKAGE_TARNAME "kal"
#define PACKAGE_VERSION "0.4.1"
#define PACKAGE_STRING "kalibrate 0.4.1"
#define PACKAGE_BUGREPORT "jl@thre.at"
#define PACKAGE_URL ""
#define PACKAGE "kal"
#define VERSION "0.4.1"
#define STDC_HEADERS 1
#define HAVE_SYS_TYPES_H 1
#define HAVE_SYS_STAT_H 1
#define HAVE_STDLIB_H 1
#define HAVE_STRING_H 1
#define HAVE_MEMORY_H 1
#define HAVE_STRINGS_H 1
#define HAVE_INTTYPES_H 1
#define HAVE_STDINT_H 1
#define HAVE_UNISTD_H 1
#define HAVE_STDLIB_H 1
#define HAVE_STRING_H 1
#define HAVE_SYS_TIME_H 1
#define HAVE_UNISTD_H 1
#define HAVE__BOOL 1
#define HAVE_STDBOOL_H 1
#define HAVE_GETPAGESIZE 1
#define HAVE_MEMSET 1
#define HAVE_STRTOUL 1
#define HAVE_STRTOL 1

configure: exit 0
